0 info it worked if it ends with ok
1 verbose cli [ '/Users/jackh/.nvm/versions/node/v4.2.1/bin/node',
1 verbose cli   '/Users/jackh/.nvm/versions/node/v4.2.1/bin/npm',
1 verbose cli   'run',
1 verbose cli   'build' ]
2 info using npm@2.14.7
3 info using node@v4.2.1
4 verbose stack Error: ENOENT: no such file or directory, open '/Users/jackh/src/package.json'
4 verbose stack     at Error (native)
5 verbose cwd /Users/jackh/src/jaysoo.ca
6 error Darwin 15.0.0
7 error argv "/Users/jackh/.nvm/versions/node/v4.2.1/bin/node" "/Users/jackh/.nvm/versions/node/v4.2.1/bin/npm" "run" "build"
8 error node v4.2.1
9 error npm  v2.14.7
10 error path /Users/jackh/src/package.json
11 error code ENOENT
12 error errno -2
13 error syscall open
14 error enoent ENOENT: no such file or directory, open '/Users/jackh/src/package.json'
14 error enoent This is most likely not a problem with npm itself
14 error enoent and is related to npm not being able to find a file.
15 verbose exit [ -2, true ]
